<?xml version="1.0" encoding="UTF-8"?>
<testsuite xmlns:xsi="http://www.w3.org/2001/XMLSchema-instance" xsi:noNamespaceSchemaLocation="https://maven.apache.org/surefire/maven-surefire-plugin/xsd/surefire-test-report.xsd" name="com.snowflake.similarity.SimilarityTest" time="0.04" tests="11" errors="0" skipped="0" failures="0">
  <properties>
    <property name="java.specification.version" value="17"/>
    <property name="sun.jnu.encoding" value="UTF-8"/>
    <property name="java.class.path" value="/Users/asanderson/Documents/Snowvation2021/SV2021_fuzzy_matching/sfsimilarity/target/test-classes:/Users/asanderson/Documents/Snowvation2021/SV2021_fuzzy_matching/sfsimilarity/target/classes:/Users/asanderson/.m2/repository/junit/junit/4.11/junit-4.11.jar:/Users/asanderson/.m2/repository/org/hamcrest/hamcrest-core/1.3/hamcrest-core-1.3.jar:/Users/asanderson/.m2/repository/org/apache/commons/commons-text/1.9/commons-text-1.9.jar:/Users/asanderson/.m2/repository/org/apache/commons/commons-lang3/3.11/commons-lang3-3.11.jar:"/>
    <property name="java.vm.vendor" value="Homebrew"/>
    <property name="sun.arch.data.model" value="64"/>
    <property name="java.vendor.url" value="https://github.com/Homebrew/homebrew-core/issues"/>
    <property name="os.name" value="Mac OS X"/>
    <property name="java.vm.specification.version" value="17"/>
    <property name="sun.java.launcher" value="SUN_STANDARD"/>
    <property name="user.country" value="GB"/>
    <property name="sun.boot.library.path" value="/usr/local/Cellar/openjdk/17.0.1_1/libexec/openjdk.jdk/Contents/Home/lib"/>
    <property name="sun.java.command" value="/Users/asanderson/Documents/Snowvation2021/SV2021_fuzzy_matching/sfsimilarity/target/surefire/surefirebooter12344457199627571314.jar /Users/asanderson/Documents/Snowvation2021/SV2021_fuzzy_matching/sfsimilarity/target/surefire 2022-01-28T19-30-30_971-jvmRun1 surefire745572306574711272tmp surefire_04410707390648946465tmp"/>
    <property name="jdk.debug" value="release"/>
    <property name="surefire.test.class.path" value="/Users/asanderson/Documents/Snowvation2021/SV2021_fuzzy_matching/sfsimilarity/target/test-classes:/Users/asanderson/Documents/Snowvation2021/SV2021_fuzzy_matching/sfsimilarity/target/classes:/Users/asanderson/.m2/repository/junit/junit/4.11/junit-4.11.jar:/Users/asanderson/.m2/repository/org/hamcrest/hamcrest-core/1.3/hamcrest-core-1.3.jar:/Users/asanderson/.m2/repository/org/apache/commons/commons-text/1.9/commons-text-1.9.jar:/Users/asanderson/.m2/repository/org/apache/commons/commons-lang3/3.11/commons-lang3-3.11.jar:"/>
    <property name="sun.cpu.endian" value="little"/>
    <property name="user.home" value="/Users/asanderson"/>
    <property name="user.language" value="en"/>
    <property name="java.specification.vendor" value="Oracle Corporation"/>
    <property name="java.version.date" value="2021-10-19"/>
    <property name="java.home" value="/usr/local/Cellar/openjdk/17.0.1_1/libexec/openjdk.jdk/Contents/Home"/>
    <property name="file.separator" value="/"/>
    <property name="basedir" value="/Users/asanderson/Documents/Snowvation2021/SV2021_fuzzy_matching/sfsimilarity"/>
    <property name="java.vm.compressedOopsMode" value="Zero based"/>
    <property name="line.separator" value="&#10;"/>
    <property name="java.vm.specification.vendor" value="Oracle Corporation"/>
    <property name="java.specification.name" value="Java Platform API Specification"/>
    <property name="surefire.real.class.path" value="/Users/asanderson/Documents/Snowvation2021/SV2021_fuzzy_matching/sfsimilarity/target/surefire/surefirebooter12344457199627571314.jar"/>
    <property name="sun.management.compiler" value="HotSpot 64-Bit Tiered Compilers"/>
    <property name="java.runtime.version" value="17.0.1+1"/>
    <property name="user.name" value="asanderson"/>
    <property name="path.separator" value=":"/>
    <property name="os.version" value="10.15.7"/>
    <property name="java.runtime.name" value="OpenJDK Runtime Environment"/>
    <property name="file.encoding" value="UTF-8"/>
    <property name="java.vm.name" value="OpenJDK 64-Bit Server VM"/>
    <property name="java.vendor.version" value="Homebrew"/>
    <property name="localRepository" value="/Users/asanderson/.m2/repository"/>
    <property name="java.vendor.url.bug" value="https://github.com/Homebrew/homebrew-core/issues"/>
    <property name="java.io.tmpdir" value="/var/folders/_b/8psz6tzx1k1bjd8qdq02vlv00000gn/T/"/>
    <property name="java.version" value="17.0.1"/>
    <property name="user.dir" value="/Users/asanderson/Documents/Snowvation2021/SV2021_fuzzy_matching/sfsimilarity"/>
    <property name="os.arch" value="x86_64"/>
    <property name="java.vm.specification.name" value="Java Virtual Machine Specification"/>
    <property name="native.encoding" value="UTF-8"/>
    <property name="java.library.path" value="/Users/asanderson/Library/Java/Extensions:/Library/Java/Extensions:/Network/Library/Java/Extensions:/System/Library/Java/Extensions:/usr/lib/java:."/>
    <property name="java.vm.info" value="mixed mode, sharing"/>
    <property name="java.vendor" value="Homebrew"/>
    <property name="java.vm.version" value="17.0.1+1"/>
    <property name="sun.io.unicode.encoding" value="UnicodeBig"/>
    <property name="java.class.version" value="61.0"/>
  </properties>
  <testcase name="hammingTestss" classname="com.snowflake.similarity.SimilarityTest" time="0.002"/>
  <testcase name="fuzzyScoreTests" classname="com.snowflake.similarity.SimilarityTest" time="0"/>
  <testcase name="levenshteinTest" classname="com.snowflake.similarity.SimilarityTest" time="0.001"/>
  <testcase name="jaccardDistanceTests" classname="com.snowflake.similarity.SimilarityTest" time="0.001"/>
  <testcase name="longestCommonSubsequenceDistanceTests" classname="com.snowflake.similarity.SimilarityTest" time="0.001"/>
  <testcase name="cosineSimilarityTest" classname="com.snowflake.similarity.SimilarityTest" time="0"/>
  <testcase name="jaroWinklerSimilarityTests" classname="com.snowflake.similarity.SimilarityTest" time="0.005"/>
  <testcase name="cosineDistanceTest" classname="com.snowflake.similarity.SimilarityTest" time="0.004"/>
  <testcase name="jaroWinklerDistanceTests" classname="com.snowflake.similarity.SimilarityTest" time="0"/>
  <testcase name="jaccardSimilarityTests" classname="com.snowflake.similarity.SimilarityTest" time="0.001"/>
  <testcase name="longestCommonSubsequenceTests" classname="com.snowflake.similarity.SimilarityTest" time="0"/>
</testsuite>